<?xml version="1.0" encoding="UTF-8"?>
<!-- Generated by org.testng.reporters.JUnitXMLReporter -->
<testsuite ignored="4" hostname="DESKTOP-9UDBRE0" failures="0" tests="4" name="Ecommerce Tests" time="13.365" errors="0" timestamp="2025-10-06T13:54:54 IST">
  <testcase classname="com.qa.testcases.LoginTest" name="verifyInvalidLogin" time="0.73"/>
  <testcase classname="com.qa.testcases.LoginTest" name="verifyvalidLogin" time="0.571"/>
  <testcase classname="com.qa.testcases.CartTest" name="verifyAddToCart" time="1.109"/>
  <testcase classname="com.qa.testcases.AddMultipleItemsTest" name="verifyAddingAllItemsToCart" time="1.445"/>
  <testcase classname="com.qa.base.BaseTest" name="@AfterSuite flushReport" time="0.0">
    <ignored/>
  </testcase> <!-- @AfterSuite flushReport -->
  <testcase classname="com.qa.base.BaseTest" name="@AfterSuite flushReport" time="0.0">
    <ignored/>
  </testcase> <!-- @AfterSuite flushReport -->
  <testcase classname="com.qa.base.BaseTest" name="@BeforeSuite startReport" time="0.0">
    <ignored/>
  </testcase> <!-- @BeforeSuite startReport -->
  <testcase classname="com.qa.base.BaseTest" name="@BeforeSuite startReport" time="0.0">
    <ignored/>
  </testcase> <!-- @BeforeSuite startReport -->
</testsuite> <!-- Ecommerce Tests -->
