<?xml version="1.0" encoding="UTF-8"?>
<testng-results ignored="0" total="4" passed="4" failed="0" skipped="0">
  <reporter-output>
  </reporter-output>
  <suite started-at="2025-10-06T13:54:41 IST" name="Ecommerce Suite" finished-at="2025-10-06T13:54:54 IST" duration-ms="13365">
    <groups>
    </groups>
    <test started-at="2025-10-06T13:54:41 IST" name="Ecommerce Tests" finished-at="2025-10-06T13:54:54 IST" duration-ms="13365">
      <class name="com.qa.testcases.CartTest">
        <test-method is-config="true" signature="setup()[pri:0, instance:com.qa.testcases.CartTest@7c6908d7]" started-at="2025-10-06T13:54:47 IST" name="setup" finished-at="2025-10-06T13:54:49 IST" duration-ms="1513" status="PASS">
          <reporter-output>
          </reporter-output>
        </test-method> <!-- setup -->
        <test-method signature="verifyAddToCart()[pri:0, instance:com.qa.testcases.CartTest@7c6908d7]" started-at="2025-10-06T13:54:49 IST" name="verifyAddToCart" finished-at="2025-10-06T13:54:50 IST" duration-ms="1109" status="PASS">
          <reporter-output>
          </reporter-output>
        </test-method> <!-- verifyAddToCart -->
        <test-method is-config="true" signature="tearDown()[pri:0, instance:com.qa.testcases.CartTest@7c6908d7]" started-at="2025-10-06T13:54:50 IST" name="tearDown" finished-at="2025-10-06T13:54:50 IST" duration-ms="419" status="PASS">
          <reporter-output>
          </reporter-output>
        </test-method> <!-- tearDown -->
      </class> <!-- com.qa.testcases.CartTest -->
      <class name="com.qa.testcases.LoginTest">
        <test-method is-config="true" signature="startReport()[pri:0, instance:com.qa.testcases.LoginTest@6ed3ccb2]" started-at="2025-10-06T13:54:40 IST" name="startReport" finished-at="2025-10-06T13:54:41 IST" duration-ms="313" status="PASS">
          <reporter-output>
          </reporter-output>
        </test-method> <!-- startReport -->
        <test-method is-config="true" signature="setup()[pri:0, instance:com.qa.testcases.LoginTest@6ed3ccb2]" started-at="2025-10-06T13:54:41 IST" name="setup" finished-at="2025-10-06T13:54:44 IST" duration-ms="3070" status="PASS">
          <reporter-output>
          </reporter-output>
        </test-method> <!-- setup -->
        <test-method signature="verifyInvalidLogin()[pri:0, instance:com.qa.testcases.LoginTest@6ed3ccb2]" started-at="2025-10-06T13:54:44 IST" name="verifyInvalidLogin" finished-at="2025-10-06T13:54:44 IST" duration-ms="730" status="PASS">
          <reporter-output>
          </reporter-output>
        </test-method> <!-- verifyInvalidLogin -->
        <test-method is-config="true" signature="tearDown()[pri:0, instance:com.qa.testcases.LoginTest@6ed3ccb2]" started-at="2025-10-06T13:54:44 IST" name="tearDown" finished-at="2025-10-06T13:54:45 IST" duration-ms="396" status="PASS">
          <reporter-output>
          </reporter-output>
        </test-method> <!-- tearDown -->
        <test-method is-config="true" signature="setup()[pri:0, instance:com.qa.testcases.LoginTest@6ed3ccb2]" started-at="2025-10-06T13:54:45 IST" name="setup" finished-at="2025-10-06T13:54:46 IST" duration-ms="1441" status="PASS">
          <reporter-output>
          </reporter-output>
        </test-method> <!-- setup -->
        <test-method signature="verifyvalidLogin()[pri:0, instance:com.qa.testcases.LoginTest@6ed3ccb2]" started-at="2025-10-06T13:54:46 IST" name="verifyvalidLogin" finished-at="2025-10-06T13:54:47 IST" duration-ms="571" status="PASS">
          <reporter-output>
          </reporter-output>
        </test-method> <!-- verifyvalidLogin -->
        <test-method is-config="true" signature="tearDown()[pri:0, instance:com.qa.testcases.LoginTest@6ed3ccb2]" started-at="2025-10-06T13:54:47 IST" name="tearDown" finished-at="2025-10-06T13:54:47 IST" duration-ms="271" status="PASS">
          <reporter-output>
          </reporter-output>
        </test-method> <!-- tearDown -->
        <test-method is-config="true" signature="flushReport()[pri:0, instance:com.qa.testcases.LoginTest@6ed3ccb2]" started-at="2025-10-06T13:54:54 IST" name="flushReport" finished-at="2025-10-06T13:54:54 IST" duration-ms="283" status="PASS">
          <reporter-output>
          </reporter-output>
        </test-method> <!-- flushReport -->
      </class> <!-- com.qa.testcases.LoginTest -->
      <class name="com.qa.testcases.AddMultipleItemsTest">
        <test-method is-config="true" signature="setup()[pri:0, instance:com.qa.testcases.AddMultipleItemsTest@3c9754d8]" started-at="2025-10-06T13:54:50 IST" name="setup" finished-at="2025-10-06T13:54:52 IST" duration-ms="1995" status="PASS">
          <reporter-output>
          </reporter-output>
        </test-method> <!-- setup -->
        <test-method signature="verifyAddingAllItemsToCart()[pri:0, instance:com.qa.testcases.AddMultipleItemsTest@3c9754d8]" started-at="2025-10-06T13:54:52 IST" name="verifyAddingAllItemsToCart" finished-at="2025-10-06T13:54:54 IST" duration-ms="1445" status="PASS">
          <reporter-output>
          </reporter-output>
        </test-method> <!-- verifyAddingAllItemsToCart -->
        <test-method is-config="true" signature="tearDown()[pri:0, instance:com.qa.testcases.AddMultipleItemsTest@3c9754d8]" started-at="2025-10-06T13:54:54 IST" name="tearDown" finished-at="2025-10-06T13:54:54 IST" duration-ms="331" status="PASS">
          <reporter-output>
          </reporter-output>
        </test-method> <!-- tearDown -->
      </class> <!-- com.qa.testcases.AddMultipleItemsTest -->
    </test> <!-- Ecommerce Tests -->
  </suite> <!-- Ecommerce Suite -->
</testng-results>
